--------Construct auxiliary linear program with kexi and w.--------
A:
-1	-1	18	
-1	0	11	
0	-1	10	
1	1	-9	
1	3	-229	

A_w:
1	-1	-1	19	
1	-1	0	12	
1	0	-1	11	
1	1	1	-8	
0	1	3	-229	
-1	0	0	-1	

--------Eliminate kexi.--------
chosen row:3
1	-2	-2	27	
1	-2	-1	20	
1	-1	-2	19	
1	-1	-1	8	
0	1	3	-229	
-1	1	1	-9	

freeEliminate() time: 0.063951 s.
--------Conduct simplex for w=max until w>=0.--------
	Iter 0.
	before exchange: w:-9.000000.
	after exchange: w:1.000000.
0	1	-1	7	
0.5	-0.5	-0.5	10	
0.5	0.5	-1.5	9	
0.5	0.5	-0.5	-2	
0.5	-0.5	2.5	-219	
-0.5	-0.5	0.5	1	

	final w:1.000000.
SimplexW() time: 0.060020 s.
--------Remove kexi column and w row.--------
Aw:
-1	2	0	9	
1	-1	-1	9	
0	1	-1	10	
-1	2	1	2	
1	-1	2	-220	
0	-1	0	0	

A:
-1	0	9	
1	-1	9	
0	-1	10	
-1	1	2	
1	2	-220	

Reduce() time: 0.060794 s.
	Iter 0.
	choose pivot: 0:1.000000.
	after exchange: 0:-1.000000.
1	-1	7	
-1	0	11	
-0	-1	10	
-1	1	2	
-1	3	-218	

1	-1	7	
-1	-0	11	
-1	1	3	
0	-1	9	
2	-3	-197	

-1	0	10	
1	-1	8	
-1	1	3	
-0	-1	9	
-2	-1	-191	

SimplexN() time: 0.156275 s.
ExchangeStep() total number: 6.
ExchangeStep() total time: 0.340888 s.
ExchangeStep() average time: 0.056815 s.
Total execution time: 0.341041 s.
